  test.cpp
C:\Users\wlsgu\source\repos\SFMLsfml\SFMLsfml\test.cpp(26,21): warning C4244: '인수': 'double'에서 'float'(으)로 변환하면서 데이터가 손실될 수 있습니다.
C:\Users\wlsgu\source\repos\SFMLsfml\SFMLsfml\test.cpp(28,27): warning C4244: '인수': 'double'에서 'float'(으)로 변환하면서 데이터가 손실될 수 있습니다.
C:\Users\wlsgu\source\repos\SFMLsfml\SFMLsfml\test.cpp(28,21): warning C4244: '인수': 'double'에서 'float'(으)로 변환하면서 데이터가 손실될 수 있습니다.
C:\Users\wlsgu\source\repos\SFMLsfml\SFMLsfml\test.cpp(92,19): warning C4244: '인수': 'double'에서 'float'(으)로 변환하면서 데이터가 손실될 수 있습니다.
C:\Users\wlsgu\source\repos\SFMLsfml\SFMLsfml\test.cpp(100,19): warning C4244: '인수': 'double'에서 'float'(으)로 변환하면서 데이터가 손실될 수 있습니다.
C:\Users\wlsgu\source\repos\SFMLsfml\SFMLsfml\test.cpp(108,16): warning C4244: '인수': 'double'에서 'float'(으)로 변환하면서 데이터가 손실될 수 있습니다.
C:\Users\wlsgu\source\repos\SFMLsfml\SFMLsfml\test.cpp(116,16): warning C4244: '인수': 'double'에서 'float'(으)로 변환하면서 데이터가 손실될 수 있습니다.
test.obj : error LNK2019: "__declspec(dllimport) public: __thiscall sf::String::String(char const *,class std::locale const &)" (__imp_??0String@sf@@QAE@PBDABVlocale@std@@@Z)_main 함수에서 참조되는 확인할 수 없는 외부 기호
test.obj : error LNK2019: "__declspec(dllimport) public: __thiscall sf::String::String(class std::basic_string<char,struct std::char_traits<char>,class std::allocator<char> > const &,class std::locale const &)" (__imp_??0String@sf@@QAE@ABV?$basic_string@DU?$char_traits@D@std@@V?$allocator@D@2@@std@@ABVlocale@3@@Z)_main 함수에서 참조되는 확인할 수 없는 외부 기호
test.obj : error LNK2019: "__declspec(dllimport) public: __thiscall sf::String::~String(void)" (__imp_??1String@sf@@QAE@XZ)_main 함수에서 참조되는 확인할 수 없는 외부 기호
test.obj : error LNK2019: "__declspec(dllimport) public: static bool __cdecl sf::Keyboard::isKeyPressed(enum sf::Keyboard::Key)" (__imp_?isKeyPressed@Keyboard@sf@@SA_NW4Key@12@@Z)_main 함수에서 참조되는 확인할 수 없는 외부 기호
test.obj : error LNK2019: "__declspec(dllimport) public: __thiscall sf::VideoMode::VideoMode(unsigned int,unsigned int,unsigned int)" (__imp_??0VideoMode@sf@@QAE@III@Z)_main 함수에서 참조되는 확인할 수 없는 외부 기호
test.obj : error LNK2019: "__declspec(dllimport) public: bool __thiscall sf::WindowBase::isOpen(void)const " (__imp_?isOpen@WindowBase@sf@@QBE_NXZ)_main 함수에서 참조되는 확인할 수 없는 외부 기호
test.obj : error LNK2019: "__declspec(dllimport) public: bool __thiscall sf::WindowBase::pollEvent(class sf::Event &)" (__imp_?pollEvent@WindowBase@sf@@QAE_NAAVEvent@2@@Z)_main 함수에서 참조되는 확인할 수 없는 외부 기호
test.obj : error LNK2019: "__declspec(dllimport) public: virtual void __thiscall sf::Window::close(void)" (__imp_?close@Window@sf@@UAEXXZ)_main 함수에서 참조되는 확인할 수 없는 외부 기호
test.obj : error LNK2019: "__declspec(dllimport) public: void __thiscall sf::Window::setFramerateLimit(unsigned int)" (__imp_?setFramerateLimit@Window@sf@@QAEXI@Z)_main 함수에서 참조되는 확인할 수 없는 외부 기호
test.obj : error LNK2019: "__declspec(dllimport) public: void __thiscall sf::Window::display(void)" (__imp_?display@Window@sf@@QAEXXZ)_main 함수에서 참조되는 확인할 수 없는 외부 기호
test.obj : error LNK2019: "__declspec(dllimport) public: void __thiscall sf::Transformable::setPosition(float,float)" (__imp_?setPosition@Transformable@sf@@QAEXMM@Z)_main 함수에서 참조되는 확인할 수 없는 외부 기호
test.obj : error LNK2019: "__declspec(dllimport) public: void __thiscall sf::Transformable::move(float,float)" (__imp_?move@Transformable@sf@@QAEXMM@Z)_main 함수에서 참조되는 확인할 수 없는 외부 기호
test.obj : error LNK2019: "__declspec(dllimport) public: __thiscall sf::Color::Color(unsigned char,unsigned char,unsigned char,unsigned char)" (__imp_??0Color@sf@@QAE@EEEE@Z)_main 함수에서 참조되는 확인할 수 없는 외부 기호
test.obj : error LNK2019: "__declspec(dllimport) public: void __thiscall sf::Shape::setFillColor(class sf::Color const &)" (__imp_?setFillColor@Shape@sf@@QAEXABVColor@2@@Z)_main 함수에서 참조되는 확인할 수 없는 외부 기호
test.obj : error LNK2019: "__declspec(dllimport) public: __thiscall sf::CircleShape::CircleShape(float,unsigned int)" (__imp_??0CircleShape@sf@@QAE@MI@Z)_main 함수에서 참조되는 확인할 수 없는 외부 기호
test.obj : error LNK2019: "__declspec(dllimport) public: void __thiscall sf::CircleShape::setPointCount(unsigned int)" (__imp_?setPointCount@CircleShape@sf@@QAEXI@Z)_main 함수에서 참조되는 확인할 수 없는 외부 기호
test.obj : error LNK2019: "__declspec(dllimport) public: virtual __thiscall sf::CircleShape::~CircleShape(void)" (__imp_??1CircleShape@sf@@UAE@XZ)_main 함수에서 참조되는 확인할 수 없는 외부 기호
test.obj : error LNK2019: "__declspec(dllimport) public: __thiscall sf::Font::Font(void)" (__imp_??0Font@sf@@QAE@XZ)_main 함수에서 참조되는 확인할 수 없는 외부 기호
test.obj : error LNK2019: "__declspec(dllimport) public: __thiscall sf::Font::~Font(void)" (__imp_??1Font@sf@@QAE@XZ)_main 함수에서 참조되는 확인할 수 없는 외부 기호
test.obj : error LNK2019: "__declspec(dllimport) public: bool __thiscall sf::Font::loadFromFile(class std::basic_string<char,struct std::char_traits<char>,class std::allocator<char> > const &)" (__imp_?loadFromFile@Font@sf@@QAE_NABV?$basic_string@DU?$char_traits@D@std@@V?$allocator@D@2@@std@@@Z)_main 함수에서 참조되는 확인할 수 없는 외부 기호
test.obj : error LNK2019: "__declspec(dllimport) public: void __thiscall sf::RenderTarget::clear(class sf::Color const &)" (__imp_?clear@RenderTarget@sf@@QAEXABVColor@2@@Z)_main 함수에서 참조되는 확인할 수 없는 외부 기호
test.obj : error LNK2019: "__declspec(dllimport) public: void __thiscall sf::RenderTarget::draw(class sf::Drawable const &,class sf::RenderStates const &)" (__imp_?draw@RenderTarget@sf@@QAEXABVDrawable@2@ABVRenderStates@2@@Z)_main 함수에서 참조되는 확인할 수 없는 외부 기호
test.obj : error LNK2019: "__declspec(dllimport) public: __thiscall sf::RenderWindow::RenderWindow(class sf::VideoMode,class sf::String const &,unsigned int,struct sf::ContextSettings const &)" (__imp_??0RenderWindow@sf@@QAE@VVideoMode@1@ABVString@1@IABUContextSettings@1@@Z)_main 함수에서 참조되는 확인할 수 없는 외부 기호
test.obj : error LNK2019: "__declspec(dllimport) public: virtual __thiscall sf::RenderWindow::~RenderWindow(void)" (__imp_??1RenderWindow@sf@@UAE@XZ)_main 함수에서 참조되는 확인할 수 없는 외부 기호
test.obj : error LNK2019: "__declspec(dllimport) public: __thiscall sf::Text::Text(void)" (__imp_??0Text@sf@@QAE@XZ)_main 함수에서 참조되는 확인할 수 없는 외부 기호
test.obj : error LNK2019: "__declspec(dllimport) public: void __thiscall sf::Text::setString(class sf::String const &)" (__imp_?setString@Text@sf@@QAEXABVString@2@@Z)_main 함수에서 참조되는 확인할 수 없는 외부 기호
test.obj : error LNK2019: "__declspec(dllimport) public: void __thiscall sf::Text::setFont(class sf::Font const &)" (__imp_?setFont@Text@sf@@QAEXABVFont@2@@Z)_main 함수에서 참조되는 확인할 수 없는 외부 기호
test.obj : error LNK2019: "__declspec(dllimport) public: void __thiscall sf::Text::setCharacterSize(unsigned int)" (__imp_?setCharacterSize@Text@sf@@QAEXI@Z)_main 함수에서 참조되는 확인할 수 없는 외부 기호
test.obj : error LNK2019: "__declspec(dllimport) public: void __thiscall sf::Text::setFillColor(class sf::Color const &)" (__imp_?setFillColor@Text@sf@@QAEXABVColor@2@@Z)_main 함수에서 참조되는 확인할 수 없는 외부 기호
test.obj : error LNK2019: "__declspec(dllimport) public: virtual __thiscall sf::Text::~Text(void)" (__imp_??1Text@sf@@UAE@XZ)_main 함수에서 참조되는 확인할 수 없는 외부 기호
test.obj : error LNK2019: "__declspec(dllimport) public: static class sf::RenderStates const sf::RenderStates::Default" (__imp_?Default@RenderStates@sf@@2V12@B)_main 함수에서 참조되는 확인할 수 없는 외부 기호
test.obj : error LNK2019: "__declspec(dllimport) public: static class sf::Color const sf::Color::Blue" (__imp_?Blue@Color@sf@@2V12@B)_main 함수에서 참조되는 확인할 수 없는 외부 기호
C:\Users\wlsgu\OneDrive\바탕 화면\컴프실\SFML-2.6.1-windows-vc17-64-bit\SFML-2.6.1\lib\sfml-graphics.lib : warning LNK4272: 'x64' 라이브러리 컴퓨터 종류가 'x86' 대상 컴퓨터 종류와 충돌합니다.
C:\Users\wlsgu\OneDrive\바탕 화면\컴프실\SFML-2.6.1-windows-vc17-64-bit\SFML-2.6.1\lib\sfml-window.lib : warning LNK4272: 'x64' 라이브러리 컴퓨터 종류가 'x86' 대상 컴퓨터 종류와 충돌합니다.
C:\Users\wlsgu\OneDrive\바탕 화면\컴프실\SFML-2.6.1-windows-vc17-64-bit\SFML-2.6.1\lib\sfml-system.lib : warning LNK4272: 'x64' 라이브러리 컴퓨터 종류가 'x86' 대상 컴퓨터 종류와 충돌합니다.
C:\Users\wlsgu\source\repos\SFMLsfml\Debug\SFMLsfml.exe : fatal error LNK1120: 32개의 확인할 수 없는 외부 참조입니다.
